<?xml version="1.0" encoding="UTF-8"?>
<!-- Generated by org.testng.reporters.JUnitReportReporter -->
<testsuite hostname="LIN24009967" failures="0" tests="3" name="testngpackage.NewTest" time="7.991" errors="0" timestamp="2024-06-17T13:26:18 IST" skipped="0">
  <testcase classname="testngpackage.NewTest" name="openapp" time="3.866"/>
  <testcase classname="testngpackage.NewTest" name="login" time="3.844"/>
  <testcase classname="testngpackage.NewTest" name="close" time="0.281"/>
</testsuite> <!-- testngpackage.NewTest -->
