<?xml version="1.0" encoding="UTF-8"?>
<!-- Generated by org.testng.reporters.JUnitReportReporter -->
<testsuite hostname="LIN24009967" failures="0" tests="1" name="testngpackage.DataProviderDemo" time="9.127" errors="0" timestamp="2024-06-24T18:06:20 IST" skipped="0">
  <testcase classname="testngpackage.DataProviderDemo" name="login" time="9.127"/>
</testsuite> <!-- testngpackage.DataProviderDemo -->
