<?xml version="1.0" encoding="UTF-8"?>
<!-- Generated by org.testng.reporters.JUnitReportReporter -->
<testsuite hostname="LIN24009967" failures="0" tests="2" name="testngpackage.AnnotationsDemo" time="0.020" errors="0" timestamp="2024-06-17T13:43:01 IST" skipped="0">
  <testcase classname="testngpackage.AnnotationsDemo" name="search" time="0.006"/>
  <testcase classname="testngpackage.AnnotationsDemo" name="advaceSearch" time="0.014"/>
</testsuite> <!-- testngpackage.AnnotationsDemo -->
