<?xml version="1.0" encoding="UTF-8"?>
<!-- Generated by org.testng.reporters.JUnitReportReporter -->
<testsuite hostname="LIN24009967" failures="0" tests="1" name="pageobjectmodaldemo.LoginTest" time="2.736" errors="0" timestamp="2024-06-24T19:53:09 IST" skipped="0">
  <testcase classname="pageobjectmodaldemo.LoginTest" name="testLogin" time="2.736"/>
</testsuite> <!-- pageobjectmodaldemo.LoginTest -->
